# JRE version: Java(TM) SE Runtime Environment (7.0_60-b19) (build 1.7.0_60-b19)
# Java VM: Java HotSpot(TM) 64-Bit Server VM (24.60-b09 mixed mode bsd-amd64 compressed oops)
Heap
 PSYoungGen      total 252928K, used 129842K [0x00000007eaa80000, 0x0000000800000000, 0x0000000800000000)
  eden space 156160K, 62% used [0x00000007eaa80000,0x00000007f0a60c70,0x00000007f4300000)
  from space 96768K, 32% used [0x00000007f4300000,0x00000007f61ebc50,0x00000007fa180000)
  to   space 94208K, 0% used [0x00000007fa400000,0x00000007fa400000,0x0000000800000000)
 ParOldGen       total 699392K, used 117926K [0x00000007bff80000, 0x00000007eaa80000, 0x00000007eaa80000)
  object space 699392K, 16% used [0x00000007bff80000,0x00000007c72a9978,0x00000007eaa80000)
 PSPermGen       total 113152K, used 112921K [0x00000007aff80000, 0x00000007b6e00000, 0x00000007bff80000)
  object space 113152K, 99% used [0x00000007aff80000,0x00000007b6dc6560,0x00000007b6e00000)
GC Heap History (10 events):
Event: 8140.198 GC heap before
{Heap before GC invocations=9 (full 0):
 PSYoungGen      total 232960K, used 224659K [0x00000007eaa80000, 0x0000000800000000, 0x0000000800000000)
  eden space 141824K, 100% used [0x00000007eaa80000,0x00000007f3500000,0x00000007f3500000)
  from space 91136K, 90% used [0x00000007fa700000,0x00000007ff7e4d58,0x0000000800000000)
  to   space 103936K, 0% used [0x00000007f3500000,0x00000007f3500000,0x00000007f9a80000)
 ParOldGen       total 699392K, used 70405K [0x00000007bff80000, 0x00000007eaa80000, 0x00000007eaa80000)
  object space 699392K, 10% used [0x00000007bff80000,0x00000007c44416a0,0x00000007eaa80000)
 PSPermGen       total 108544K, used 108480K [0x00000007aff80000, 0x00000007b6980000, 0x00000007bff80000)
  object space 108544K, 99% used [0x00000007aff80000,0x00000007b6970298,0x00000007b6980000)
Event: 8140.231 GC heap after
Heap after GC invocations=9 (full 0):
 PSYoungGen      total 245760K, used 47310K [0x00000007eaa80000, 0x0000000800000000, 0x0000000800000000)
  eden space 141824K, 0% used [0x00000007eaa80000,0x00000007eaa80000,0x00000007f3500000)
  from space 103936K, 45% used [0x00000007f3500000,0x00000007f63339d0,0x00000007f9a80000)
  to   space 99328K, 0% used [0x00000007f9f00000,0x00000007f9f00000,0x0000000800000000)
 ParOldGen       total 699392K, used 97680K [0x00000007bff80000, 0x00000007eaa80000, 0x00000007eaa80000)
  object space 699392K, 13% used [0x00000007bff80000,0x00000007c5ee4390,0x00000007eaa80000)
 PSPermGen       total 108544K, used 108480K [0x00000007aff80000, 0x00000007b6980000, 0x00000007bff80000)
  object space 108544K, 99% used [0x00000007aff80000,0x00000007b6970298,0x00000007b6980000)
}
Event: 8141.297 GC heap before
{Heap before GC invocations=10 (full 0):
 PSYoungGen      total 245760K, used 189134K [0x00000007eaa80000, 0x0000000800000000, 0x0000000800000000)
  eden space 141824K, 100% used [0x00000007eaa80000,0x00000007f3500000,0x00000007f3500000)
  from space 103936K, 45% used [0x00000007f3500000,0x00000007f63339d0,0x00000007f9a80000)
  to   space 99328K, 0% used [0x00000007f9f00000,0x00000007f9f00000,0x0000000800000000)
 ParOldGen       total 699392K, used 97680K [0x00000007bff80000, 0x00000007eaa80000, 0x00000007eaa80000)
  object space 699392K, 13% used [0x00000007bff80000,0x00000007c5ee4390,0x00000007eaa80000)
 PSPermGen       total 109568K, used 109246K [0x00000007aff80000, 0x00000007b6a80000, 0x00000007bff80000)
  object space 109568K, 99% used [0x00000007aff80000,0x00000007b6a2f8a0,0x00000007b6a80000)
Event: 8141.320 GC heap after
Heap after GC invocations=10 (full 0):
 PSYoungGen      total 251904K, used 35088K [0x00000007eaa80000, 0x0000000800000000, 0x0000000800000000)
  eden space 152576K, 0% used [0x00000007eaa80000,0x00000007eaa80000,0x00000007f3f80000)
  from space 99328K, 35% used [0x00000007f9f00000,0x00000007fc144008,0x0000000800000000)
  to   space 97792K, 0% used [0x00000007f3f80000,0x00000007f3f80000,0x00000007f9f00000)
 ParOldGen       total 699392K, used 115777K [0x00000007bff80000, 0x00000007eaa80000, 0x00000007eaa80000)
  object space 699392K, 16% used [0x00000007bff80000,0x00000007c7090608,0x00000007eaa80000)
 PSPermGen       total 109568K, used 109246K [0x00000007aff80000, 0x00000007b6a80000, 0x00000007bff80000)
  object space 109568K, 99% used [0x00000007aff80000,0x00000007b6a2f8a0,0x00000007b6a80000)
}
Event: 8158.386 GC heap before
{Heap before GC invocations=11 (full 0):
 PSYoungGen      total 251904K, used 187664K [0x00000007eaa80000, 0x0000000800000000, 0x0000000800000000)
  eden space 152576K, 100% used [0x00000007eaa80000,0x00000007f3f80000,0x00000007f3f80000)
  from space 99328K, 35% used [0x00000007f9f00000,0x00000007fc144008,0x0000000800000000)
  to   space 97792K, 0% used [0x00000007f3f80000,0x00000007f3f80000,0x00000007f9f00000)
 ParOldGen       total 699392K, used 115777K [0x00000007bff80000, 0x00000007eaa80000, 0x00000007eaa80000)
  object space 699392K, 16% used [0x00000007bff80000,0x00000007c7090608,0x00000007eaa80000)
 PSPermGen       total 110592K, used 110380K [0x00000007aff80000, 0x00000007b6b80000, 0x00000007bff80000)
  object space 110592K, 99% used [0x00000007aff80000,0x00000007b6b4b138,0x00000007b6b80000)
Event: 8158.398 GC heap after
Heap after GC invocations=11 (full 0):
 PSYoungGen      total 250368K, used 29620K [0x00000007eaa80000, 0x0000000800000000, 0x0000000800000000)
  eden space 152576K, 0% used [0x00000007eaa80000,0x00000007eaa80000,0x00000007f3f80000)
  from space 97792K, 30% used [0x00000007f3f80000,0x00000007f5c6d248,0x00000007f9f00000)
  to   space 96768K, 0% used [0x00000007fa180000,0x00000007fa180000,0x0000000800000000)
 ParOldGen       total 699392K, used 116265K [0x00000007bff80000, 0x00000007eaa80000, 0x00000007eaa80000)
  object space 699392K, 16% used [0x00000007bff80000,0x00000007c710a638,0x00000007eaa80000)
 PSPermGen       total 110592K, used 110380K [0x00000007aff80000, 0x00000007b6b80000, 0x00000007bff80000)
  object space 110592K, 99% used [0x00000007aff80000,0x00000007b6b4b138,0x00000007b6b80000)
}
Event: 9264.314 GC heap before
{Heap before GC invocations=12 (full 0):
 PSYoungGen      total 250368K, used 182196K [0x00000007eaa80000, 0x0000000800000000, 0x0000000800000000)
  eden space 152576K, 100% used [0x00000007eaa80000,0x00000007f3f80000,0x00000007f3f80000)
  from space 97792K, 30% used [0x00000007f3f80000,0x00000007f5c6d248,0x00000007f9f00000)
  to   space 96768K, 0% used [0x00000007fa180000,0x00000007fa180000,0x0000000800000000)
 ParOldGen       total 699392K, used 116265K [0x00000007bff80000, 0x00000007eaa80000, 0x00000007eaa80000)
  object space 699392K, 16% used [0x00000007bff80000,0x00000007c710a638,0x00000007eaa80000)
 PSPermGen       total 111616K, used 111361K [0x00000007aff80000, 0x00000007b6c80000, 0x00000007bff80000)
  object space 111616K, 99% used [0x00000007aff80000,0x00000007b6c405c0,0x00000007b6c80000)
Event: 9264.323 GC heap after
Heap after GC invocations=12 (full 0):
 PSYoungGen      total 252928K, used 19832K [0x00000007eaa80000, 0x0000000800000000, 0x0000000800000000)
  eden space 156160K, 0% used [0x00000007eaa80000,0x00000007eaa80000,0x00000007f4300000)
  from space 96768K, 20% used [0x00000007fa180000,0x00000007fb4de1a8,0x0000000800000000)
  to   space 96768K, 0% used [0x00000007f4300000,0x00000007f4300000,0x00000007fa180000)
 ParOldGen       total 699392K, used 116690K [0x00000007bff80000, 0x00000007eaa80000, 0x00000007eaa80000)
  object space 699392K, 16% used [0x00000007bff80000,0x00000007c7174888,0x00000007eaa80000)
 PSPermGen       total 111616K, used 111361K [0x00000007aff80000, 0x00000007b6c80000, 0x00000007bff80000)
  object space 111616K, 99% used [0x00000007aff80000,0x00000007b6c405c0,0x00000007b6c80000)
}
Event: 9265.261 GC heap before
{Heap before GC invocations=13 (full 0):
 PSYoungGen      total 252928K, used 175992K [0x00000007eaa80000, 0x0000000800000000, 0x0000000800000000)
  eden space 156160K, 100% used [0x00000007eaa80000,0x00000007f4300000,0x00000007f4300000)
  from space 96768K, 20% used [0x00000007fa180000,0x00000007fb4de1a8,0x0000000800000000)
  to   space 96768K, 0% used [0x00000007f4300000,0x00000007f4300000,0x00000007fa180000)
 ParOldGen       total 699392K, used 116690K [0x00000007bff80000, 0x00000007eaa80000, 0x00000007eaa80000)
  object space 699392K, 16% used [0x00000007bff80000,0x00000007c7174888,0x00000007eaa80000)
 PSPermGen       total 112640K, used 112225K [0x00000007aff80000, 0x00000007b6d80000, 0x00000007bff80000)
  object space 112640K, 99% used [0x00000007aff80000,0x00000007b6d184d8,0x00000007b6d80000)
Event: 9265.275 GC heap after
Heap after GC invocations=13 (full 0):
 PSYoungGen      total 252928K, used 31663K [0x00000007eaa80000, 0x0000000800000000, 0x0000000800000000)
  eden space 156160K, 0% used [0x00000007eaa80000,0x00000007eaa80000,0x00000007f4300000)
  from space 96768K, 32% used [0x00000007f4300000,0x00000007f61ebc50,0x00000007fa180000)
  to   space 94208K, 0% used [0x00000007fa400000,0x00000007fa400000,0x0000000800000000)
 ParOldGen       total 699392K, used 117926K [0x00000007bff80000, 0x00000007eaa80000, 0x00000007eaa80000)
  object space 699392K, 16% used [0x00000007bff80000,0x00000007c72a9978,0x00000007eaa80000)
 PSPermGen       total 112640K, used 112225K [0x00000007aff80000, 0x00000007b6d80000, 0x00000007bff80000)
  object space 112640K, 99% used [0x00000007aff80000,0x00000007b6d184d8,0x00000007b6d80000)
}

